This is pdfTeXk, Version 3.141592-1.40.3 (Web2C 7.5.6) (format=pdflatex 2009.12.9)  25 MAR 2010 16:23
entering extended mode
 %&-line parsing enabled.
**wave.tex
(./wave.tex
LaTeX2e <2005/12/01>
Babel <v3.8h> and hyphenation patterns for english, usenglishmax, dumylang, noh
yphenation, arabic, farsi, croatian, ukrainian, russian, bulgarian, czech, slov
ak, danish, dutch, finnish, basque, french, german, ngerman, ibycus, greek, mon
ogreek, ancientgreek, hungarian, italian, latin, mongolian, norsk, icelandic, i
nterlingua, turkish, coptic, romanian, welsh, serbian, slovenian, estonian, esp
eranto, uppersorbian, indonesian, polish, portuguese, spanish, catalan, galicia
n, swedish, ukenglish, pinyin, loaded.
(./sem2-macros.tex (/usr/share/texmf-texlive/tex/latex/base/article.cls
Document Class: article 2005/09/16 v1.4f Standard LaTeX document class
(/usr/share/texmf-texlive/tex/latex/base/size11.clo
File: size11.clo 2005/09/16 v1.4f Standard LaTeX file (size option)
)
\c@part=\count79
\c@section=\count80
\c@subsection=\count81
\c@subsubsection=\count82
\c@paragraph=\count83
\c@subparagraph=\count84
\c@figure=\count85
\c@table=\count86
\abovecaptionskip=\skip41
\belowcaptionskip=\skip42
\bibindent=\dimen102
)
(/usr/share/texmf-texlive/tex/latex/graphics/graphicx.sty
Package: graphicx 1999/02/16 v1.0f Enhanced LaTeX Graphics (DPC,SPQR)

(/usr/share/texmf-texlive/tex/latex/graphics/keyval.sty
Package: keyval 1999/03/16 v1.13 key=value parser (DPC)
\KV@toks@=\toks14
)
(/usr/share/texmf-texlive/tex/latex/graphics/graphics.sty
Package: graphics 2006/02/20 v1.0o Standard LaTeX Graphics (DPC,SPQR)

(/usr/share/texmf-texlive/tex/latex/graphics/trig.sty
Package: trig 1999/03/16 v1.09 sin cos tan (DPC)
)
(/etc/texmf/tex/latex/config/graphics.cfg
File: graphics.cfg 2007/01/18 v1.5 graphics configuration of teTeX/TeXLive
)
Package graphics Info: Driver file: pdftex.def on input line 90.

(/usr/share/texmf-texlive/tex/latex/pdftex-def/pdftex.def
File: pdftex.def 2007/01/08 v0.04d Graphics/color for pdfTeX
\Gread@gobject=\count87
))
\Gin@req@height=\dimen103
\Gin@req@width=\dimen104
)
(/usr/share/texmf-texlive/tex/latex/psnfss/times.sty
Package: times 2005/04/12 PSNFSS-v9.2a (SPQR) 
)
(/usr/share/texmf-texlive/tex/latex/graphics/color.sty
Package: color 2005/11/14 v1.0j Standard LaTeX Color (DPC)

(/etc/texmf/tex/latex/config/color.cfg
File: color.cfg 2007/01/18 v1.5 color configuration of teTeX/TeXLive
)
Package color Info: Driver file: pdftex.def on input line 130.
)
(/usr/share/texmf-texlive/tex/latex/hyperref/hyperref.sty
Package: hyperref 2007/02/07 v6.75r Hypertext links for LaTeX
\@linkdim=\dimen105
\Hy@linkcounter=\count88
\Hy@pagecounter=\count89

(/usr/share/texmf-texlive/tex/latex/hyperref/pd1enc.def
File: pd1enc.def 2007/02/07 v6.75r Hyperref: PDFDocEncoding definition (HO)
)
(/etc/texmf/tex/latex/config/hyperref.cfg
File: hyperref.cfg 2002/06/06 v1.2 hyperref configuration of TeXLive
)
(/usr/share/texmf-texlive/tex/latex/oberdiek/kvoptions.sty
Package: kvoptions 2006/08/22 v2.4 Connects package keyval with LaTeX options (
HO)
)
Package hyperref Info: Option `colorlinks' set `true' on input line 2238.
Package hyperref Info: Hyper figures OFF on input line 2288.
Package hyperref Info: Link nesting OFF on input line 2293.
Package hyperref Info: Hyper index ON on input line 2296.
Package hyperref Info: Plain pages OFF on input line 2303.
Package hyperref Info: Backreferencing OFF on input line 2308.

Implicit mode ON; LaTeX internals redefined
Package hyperref Info: Bookmarks ON on input line 2444.
(/usr/share/texmf-texlive/tex/latex/ltxmisc/url.sty
\Urlmuskip=\muskip10
Package: url 2005/06/27  ver 3.2  Verb mode for urls, etc.
)
LaTeX Info: Redefining \url on input line 2599.
\Fld@menulength=\count90
\Field@Width=\dimen106
\Fld@charsize=\dimen107
\Choice@toks=\toks15
\Field@toks=\toks16
Package hyperref Info: Hyper figures OFF on input line 3102.
Package hyperref Info: Link nesting OFF on input line 3107.
Package hyperref Info: Hyper index ON on input line 3110.
Package hyperref Info: backreferencing OFF on input line 3117.
Package hyperref Info: Link coloring ON on input line 3120.
\Hy@abspage=\count91
\c@Item=\count92
\c@Hfootnote=\count93
)
*hyperref using default driver hpdftex*
(/usr/share/texmf-texlive/tex/latex/hyperref/hpdftex.def
File: hpdftex.def 2007/02/07 v6.75r Hyperref driver for pdfTeX
\Fld@listcount=\count94
)
\hlessmm=\skip43
\hlessmmmm=\skip44
\illuswidth=\skip45
\c@milestone=\count95
)
(/usr/share/texmf-texlive/tex/latex/psnfss/helvet.sty
Package: helvet 2005/04/12 PSNFSS-v9.2a (WaS) 
)
(/usr/share/texmf-texlive/tex/latex/caption/caption.sty
Package: caption 2007/01/07 v3.0k Customising captions (AR)

(/usr/share/texmf-texlive/tex/latex/caption/caption3.sty
Package: caption3 2007/01/07 v3.0k caption3 kernel (AR)
\captionmargin=\dimen108
\captionmarginx=\dimen109
\captionwidth=\dimen110
\captionindent=\dimen111
\captionparindent=\dimen112
\captionhangindent=\dimen113
)
Package caption Info: hyperref package v6.74m (or newer) detected on input line
 304.
)
(/usr/share/texmf-texlive/tex/latex/wrapfig/wrapfig.sty
\wrapoverhang=\dimen114
\WF@size=\dimen115
\c@WF@wrappedlines=\count96
\WF@box=\box26
\WF@everypar=\toks17
Package: wrapfig 2003/01/31  v 3.6
)

LaTeX Warning: Unused global option(s):
    [epic,eepic].

(./wave.aux)
\openout1 = `wave.aux'.

LaTeX Font Info:    Checking defaults for OML/cmm/m/it on input line 8.
LaTeX Font Info:    ... okay on input line 8.
LaTeX Font Info:    Checking defaults for T1/cmr/m/n on input line 8.
LaTeX Font Info:    ... okay on input line 8.
LaTeX Font Info:    Checking defaults for OT1/cmr/m/n on input line 8.
LaTeX Font Info:    ... okay on input line 8.
LaTeX Font Info:    Checking defaults for OMS/cmsy/m/n on input line 8.
LaTeX Font Info:    ... okay on input line 8.
LaTeX Font Info:    Checking defaults for OMX/cmex/m/n on input line 8.
LaTeX Font Info:    ... okay on input line 8.
LaTeX Font Info:    Checking defaults for U/cmr/m/n on input line 8.
LaTeX Font Info:    ... okay on input line 8.
LaTeX Font Info:    Checking defaults for PD1/pdf/m/n on input line 8.
LaTeX Font Info:    ... okay on input line 8.
LaTeX Font Info:    Try loading font information for OT1+phv on input line 8.
 (/usr/share/texmf-texlive/tex/latex/psnfss/ot1phv.fd
File: ot1phv.fd 2001/06/04 scalable font definitions for OT1/phv.
)
(/usr/share/texmf/tex/context/base/supp-pdf.tex
[Loading MPS to PDF converter (version 2006.09.02).]
\scratchcounter=\count97
\scratchdimen=\dimen116
\scratchbox=\box27
\nofMPsegments=\count98
\nofMParguments=\count99
\MPscratchCnt=\count100
\MPscratchDim=\dimen117
\MPnumerator=\count101
\everyMPtoPDFconversion=\toks18
)
Package hyperref Info: Link coloring ON on input line 8.
 (/usr/share/texmf-texlive/tex/latex/hyperref/nameref.sty
Package: nameref 2006/12/27 v2.28 Cross-referencing by name of section

(/usr/share/texmf-texlive/tex/latex/oberdiek/refcount.sty
Package: refcount 2006/02/20 v3.0 Data extraction from references (HO)
)
\c@section@level=\count102
)
LaTeX Info: Redefining \ref on input line 8.
LaTeX Info: Redefining \pageref on input line 8.
 (./wave.out)
(./wave.out)
\@outlinefile=\write3
\openout3 = `wave.out'.

 (/usr/share/texmf-texlive/tex/latex/ragged2e/ragged2e.sty
Package: ragged2e 2003/03/25 v2.04 ragged2e Package (MS)

(/usr/share/texmf-texlive/tex/latex/everysel/everysel.sty
Package: everysel 1999/06/08 v1.03 EverySelectfont Package (MS)
LaTeX Info: Redefining \selectfont on input line 125.
)
\CenteringLeftskip=\skip46
\RaggedLeftLeftskip=\skip47
\RaggedRightLeftskip=\skip48
\CenteringRightskip=\skip49
\RaggedLeftRightskip=\skip50
\RaggedRightRightskip=\skip51
\CenteringParfillskip=\skip52
\RaggedLeftParfillskip=\skip53
\RaggedRightParfillskip=\skip54
\JustifyingParfillskip=\skip55
\CenteringParindent=\skip56
\RaggedLeftParindent=\skip57
\RaggedRightParindent=\skip58
\JustifyingParindent=\skip59
)
Runaway argument?
{CS3216, Google Wave Extension Assignment---
! Paragraph ended before \markright was complete.
<to be read again> 
                   \par 
l.13 \medskip
             
? 
! Too many }'s.
\psetheader #1#2#3->\markright {CS3216, #1---#2}
                                                 \begin {center} National Un...
l.13 \medskip
             
? 
LaTeX Font Info:    Font shape `OT1/phv/bx/n' in size <17.28> not available
(Font)              Font shape `OT1/phv/b/n' tried instead on input line 13.
LaTeX Font Info:    Font shape `OT1/phv/bx/n' in size <14.4> not available
(Font)              Font shape `OT1/phv/b/n' tried instead on input line 19.
LaTeX Font Info:    Font shape `OT1/phv/bx/n' in size <10.95> not available
(Font)              Font shape `OT1/phv/b/n' tried instead on input line 26.
LaTeX Font Info:    Try loading font information for OT1+pcr on input line 64.
(/usr/share/texmf-texlive/tex/latex/psnfss/ot1pcr.fd
File: ot1pcr.fd 2001/06/04 font definitions for OT1/pcr.
)
LaTeX Font Info:    External font `cmex10' loaded for size
(Font)              <10.95> on input line 64.
LaTeX Font Info:    External font `cmex10' loaded for size
(Font)              <8> on input line 64.
LaTeX Font Info:    External font `cmex10' loaded for size
(Font)              <6> on input line 64.
LaTeX Font Info:    Font shape `OT1/phv/m/it' in size <10.95> not available
(Font)              Font shape `OT1/phv/m/sl' tried instead on input line 69.
 [1{/var/lib/texmf/fonts/map/pdftex/updmap/pdftex.map}

] [2] [3] [4]
LaTeX Font Info:    Font shape `OT1/phv/bx/n' in size <12> not available
(Font)              Font shape `OT1/phv/b/n' tried instead on input line 303.

Overfull \hbox (14.56526pt too wide) in paragraph at lines 323--325
\OT1/phv/m/n/10.95 or down-load the file from: [][]$\OT1/pcr/m/n/10.95 http : /
 / gadget-[]doc-[]examples . googlecode . com / svn / trunk / wave /
 []

[5] <images/insertGadget_icon.png, id=182, 28.105pt x 21.07875pt>
File: images/insertGadget_icon.png Graphic file (type png)

<use images/insertGadget_icon.png> [6 <./images/insertGadget_icon.png>]
LaTeX Font Info:    Try loading font information for OMS+phv on input line 405.


(/usr/share/texmf-texlive/tex/latex/psnfss/omsphv.fd
File: omsphv.fd 
)
LaTeX Font Info:    Font shape `OMS/phv/m/n' in size <10.95> not available
(Font)              Font shape `OMS/cmsy/m/n' tried instead on input line 405.

Overfull \hbox (41.1379pt too wide) in paragraph at lines 406--407
[]\OT1/phv/m/n/10.95 Wave Gad-get API: [][]$\OT1/pcr/m/n/10.95 http : / / code 
. google . com / apis / wave / extensions / gadgets / reference .
 []


Overfull \hbox (4.73734pt too wide) in paragraph at lines 441--444
[]\OT1/pcr/m/n/10.95 setParticipantCallback\OT1/phv/m/n/10.95 : call the call-b
ack func-tion ev-ery time the Wave's par-tic-i-pant list changes.
 []


Overfull \hbox (6.76268pt too wide) in paragraph at lines 445--447
[]\OT1/pcr/m/n/10.95 setStateCallback\OT1/phv/m/n/10.95 : call the call-back fu
nc-tion ev-ery time the Wave's state (men-tioned later) changes. 
 []

[7] [8]
LaTeX Font Info:    Font shape `OT1/phv/bx/it' in size <10.95> not available
(Font)              Font shape `OT1/phv/b/it' tried instead on input line 542.
LaTeX Font Info:    Font shape `OT1/phv/b/it' in size <10.95> not available
(Font)              Font shape `OT1/phv/b/sl' tried instead on input line 542.
 [9] [10]
LaTeX Font Info:    External font `cmex10' loaded for size
(Font)              <9> on input line 665.
LaTeX Font Info:    External font `cmex10' loaded for size
(Font)              <5> on input line 665.

Overfull \hbox (17.82523pt too wide) in paragraph at lines 692--693
[]\OT1/phv/m/n/10.95 Robot li-brary: [][]$\OT1/pcr/m/n/10.95 http : / / code . 
google . com / p / wave-[]robot-[]java-[]client / downloads /
 []


Overfull \hbox (30.96521pt too wide) in paragraph at lines 697--698
[]\OT1/phv/m/n/10.95 Robot li-brary: [][]$\OT1/pcr/m/n/10.95 http : / / code . 
google . com / p / wave-[]robot-[]python-[]client / downloads /
 []


Overfull \hbox (7.70633pt too wide) in paragraph at lines 698--699
[]\OT1/phv/m/n/10.95 Robot API ref-er-ence: [][]$\OT1/pcr/m/n/10.95 http : / / 
wave-[]robot-[]python-[]client . googlecode . com / svn /
 []

[11] [12]
Overfull \hbox (80.81055pt too wide) in paragraph at lines 811--811
[]    \OT1/pcr/m/n/10.95 myRobot.register_handler(events.WaveletParticipantsCha
nged, OnParticipantsChanged)[] 
 []

[13] [14] [15] [16]
Overfull \hbox (35.6607pt too wide) in paragraph at lines 1057--1059
[]\OT1/phv/m/n/10.95 The full API ref-er-ence can be found here: [][]$\OT1/pcr/
m/n/10.95 http : / / code . google . com / apis / wave / embed / reference .
 []

[17] [18] (./wave.bbl
Overfull \hbox (25.79243pt too wide) in paragraph at lines 4--7
[]\OT1/phv/m/n/10.95 Google.  The com-plete guide to google wave.  http://compl
etewaveguide.com/guide/Meet[]Google[]Wave. 
 []

[19]) [20] (./wave.aux)

LaTeX Warning: Label(s) may have changed. Rerun to get cross-references right.

 ) 
Here is how much of TeX's memory you used:
 3667 strings out of 94074
 52572 string characters out of 1165153
 111927 words of memory out of 1500000
 6823 multiletter control sequences out of 10000+50000
 27413 words of font info for 53 fonts, out of 1200000 for 2000
 645 hyphenation exceptions out of 8191
 35i,8n,38p,302b,430s stack positions out of 5000i,500n,6000p,200000b,5000s
{/usr/share/texmf-texlive/fonts/enc/dvips/base/8r.enc}</usr/share/texmf-texli
ve/fonts/type1/bluesky/cm/cmsy10.pfb></usr/share/texmf-texlive/fonts/type1/urw/
courier/ucrr8a.pfb></usr/share/texmf-texlive/fonts/type1/urw/helvetic/uhvb8a.pf
b></usr/share/texmf-texlive/fonts/type1/urw/helvetic/uhvbo8a.pfb></usr/share/te
xmf-texlive/fonts/type1/urw/helvetic/uhvr8a.pfb></usr/share/texmf-texlive/fonts
/type1/urw/helvetic/uhvro8a.pfb>
Output written on wave.pdf (20 pages, 148062 bytes).
PDF statistics:
 361 PDF objects out of 1000 (max. 8388607)
 87 named destinations out of 1000 (max. 131072)
 278 words of extra memory for PDF output out of 10000 (max. 10000000)

